2025-08-17 02:38:27.526 | INFO     | ths_trader:connect:36 - 准备连接同花顺客户端: test_path
2025-08-17 02:38:27.528 | INFO     | ths_trader:connect:44 - 同花顺客户端连接成功
2025-08-17 02:38:27.530 | INFO     | ths_trader:connect:32 - 已经连接到同花顺客户端，无需重复连接
2025-08-17 02:38:27.535 | INFO     | ths_trader:connect:36 - 准备连接同花顺客户端: test_path
2025-08-17 02:38:27.538 | ERROR    | ths_trader:connect:47 - 连接同花顺客户端失败: Connection failed
2025-08-17 02:38:27.543 | INFO     | ths_trader:connect:36 - 准备连接同花顺客户端: test_path
2025-08-17 02:38:27.546 | ERROR    | ths_trader:connect:47 - 连接同花顺客户端失败: Connection failed
2025-08-17 02:38:27.548 | INFO     | ths_trader:disconnect:56 - 已断开同花顺客户端连接
2025-08-17 02:38:27.553 | INFO     | ths_trader:connect:36 - 准备连接同花顺客户端: test_path
2025-08-17 02:38:27.555 | ERROR    | ths_trader:connect:47 - 连接同花顺客户端失败: Connection failed
2025-08-17 02:38:27.558 | INFO     | ths_trader:get_balance:88 - 成功获取账户资金信息
2025-08-17 02:38:27.563 | INFO     | ths_trader:connect:36 - 准备连接同花顺客户端: test_path
2025-08-17 02:38:27.565 | ERROR    | ths_trader:connect:47 - 连接同花顺客户端失败: Connection failed
2025-08-17 02:38:32.559 | INFO     | ths_trader:get_balance:88 - 成功获取账户资金信息
2025-08-17 02:38:32.576 | INFO     | ths_trader:connect:36 - 准备连接同花顺客户端: test_path
2025-08-17 02:38:32.586 | ERROR    | ths_trader:connect:47 - 连接同花顺客户端失败: Connection failed
2025-08-17 02:38:32.600 | INFO     | ths_trader:get_position:101 - 成功获取账户持仓信息
2025-08-17 02:38:32.626 | INFO     | ths_trader:connect:36 - 准备连接同花顺客户端: test_path
2025-08-17 02:38:32.643 | ERROR    | ths_trader:connect:47 - 连接同花顺客户端失败: Connection failed
2025-08-17 02:38:32.659 | INFO     | ths_trader:sell:154 - 卖出 sh600000 100 股成功
2025-08-17 02:38:32.684 | INFO     | ths_trader:connect:36 - 准备连接同花顺客户端: test_path
2025-08-17 02:38:32.696 | ERROR    | ths_trader:connect:47 - 连接同花顺客户端失败: Connection failed
2025-08-17 02:38:32.707 | INFO     | ths_trader:buy:181 - 买入 sh600000 100 股成功
2025-08-17 02:38:32.739 | INFO     | ths_trader:connect:36 - 准备连接同花顺客户端: test_path
2025-08-17 02:38:32.751 | ERROR    | ths_trader:connect:47 - 连接同花顺客户端失败: Connection failed
2025-08-17 02:38:32.762 | INFO     | ths_trader:cancel_entrust:202 - 撤单 123456 成功
2025-08-17 02:38:32.786 | INFO     | ths_trader:connect:36 - 准备连接同花顺客户端: test_path
2025-08-17 02:38:32.794 | ERROR    | ths_trader:connect:47 - 连接同花顺客户端失败: Connection failed
