2025-08-17 01:25:55.600 | INFO     | ths_trader:connect:36 - 准备连接同花顺客户端: test_path
2025-08-17 01:25:55.602 | ERROR    | ths_trader:connect:47 - 连接同花顺客户端失败: Connection failed
2025-08-17 01:25:55.603 | INFO     | ths_trader:disconnect:56 - 已断开同花顺客户端连接
2025-08-17 01:25:55.612 | INFO     | ths_trader:connect:36 - 准备连接同花顺客户端: test_path
2025-08-17 01:25:55.615 | ERROR    | ths_trader:connect:47 - 连接同花顺客户端失败: Connection failed
2025-08-17 01:25:55.616 | INFO     | ths_trader:get_balance:88 - 成功获取账户资金信息
2025-08-17 01:25:55.623 | INFO     | ths_trader:connect:36 - 准备连接同花顺客户端: test_path
2025-08-17 01:25:55.624 | ERROR    | ths_trader:connect:47 - 连接同花顺客户端失败: Connection failed
2025-08-17 01:26:00.618 | INFO     | ths_trader:get_balance:88 - 成功获取账户资金信息
2025-08-17 01:26:00.631 | INFO     | ths_trader:connect:36 - 准备连接同花顺客户端: test_path
2025-08-17 01:26:00.634 | ERROR    | ths_trader:connect:47 - 连接同花顺客户端失败: Connection failed
2025-08-17 01:26:00.636 | INFO     | ths_trader:get_position:101 - 成功获取账户持仓信息
2025-08-17 01:26:00.645 | INFO     | ths_trader:connect:36 - 准备连接同花顺客户端: test_path
2025-08-17 01:26:00.647 | ERROR    | ths_trader:connect:47 - 连接同花顺客户端失败: Connection failed
2025-08-17 01:26:00.658 | INFO     | ths_trader:sell:154 - 卖出 sh600000 100 股成功
2025-08-17 01:26:00.667 | INFO     | ths_trader:connect:36 - 准备连接同花顺客户端: test_path
2025-08-17 01:26:00.668 | ERROR    | ths_trader:connect:47 - 连接同花顺客户端失败: Connection failed
2025-08-17 01:26:00.668 | INFO     | ths_trader:buy:181 - 买入 sh600000 100 股成功
2025-08-17 01:26:00.678 | INFO     | ths_trader:connect:36 - 准备连接同花顺客户端: test_path
2025-08-17 01:26:00.679 | ERROR    | ths_trader:connect:47 - 连接同花顺客户端失败: Connection failed
2025-08-17 01:26:00.679 | INFO     | ths_trader:cancel_entrust:202 - 撤单 123456 成功
2025-08-17 01:26:00.694 | INFO     | ths_trader:connect:36 - 准备连接同花顺客户端: test_path
2025-08-17 01:26:00.696 | ERROR    | ths_trader:connect:47 - 连接同花顺客户端失败: Connection failed
