2025-09-01 19:38:37.206 | INFO     | ths_trader:connect:36 - 准备连接同花顺客户端: test_path
2025-09-01 19:38:37.209 | INFO     | ths_trader:connect:44 - 同花顺客户端连接成功
2025-09-01 19:38:37.216 | INFO     | ths_trader:connect:36 - 准备连接同花顺客户端: test_path
2025-09-01 19:38:37.217 | INFO     | ths_trader:connect:44 - 同花顺客户端连接成功
2025-09-01 19:38:37.218 | INFO     | ths_trader:connect:32 - 已经连接到同花顺客户端，无需重复连接
2025-09-01 19:38:37.222 | INFO     | ths_trader:connect:36 - 准备连接同花顺客户端: test_path
2025-09-01 19:38:37.224 | ERROR    | ths_trader:connect:47 - 连接同花顺客户端失败: Connection failed
2025-09-01 19:38:37.227 | INFO     | ths_trader:connect:36 - 准备连接同花顺客户端: test_path
2025-09-01 19:38:37.228 | ERROR    | ths_trader:connect:47 - 连接同花顺客户端失败: Connection failed
2025-09-01 19:38:37.229 | INFO     | ths_trader:disconnect:56 - 已断开同花顺客户端连接
2025-09-01 19:38:37.233 | INFO     | ths_trader:connect:36 - 准备连接同花顺客户端: test_path
2025-09-01 19:38:37.234 | ERROR    | ths_trader:connect:47 - 连接同花顺客户端失败: Connection failed
2025-09-01 19:38:37.235 | INFO     | ths_trader:get_balance:88 - 成功获取账户资金信息
2025-09-01 19:38:37.241 | INFO     | ths_trader:connect:36 - 准备连接同花顺客户端: test_path
2025-09-01 19:38:37.244 | ERROR    | ths_trader:connect:47 - 连接同花顺客户端失败: Connection failed
2025-09-01 19:38:42.236 | INFO     | ths_trader:get_balance:88 - 成功获取账户资金信息
2025-09-01 19:38:42.249 | INFO     | ths_trader:connect:36 - 准备连接同花顺客户端: test_path
2025-09-01 19:38:42.251 | ERROR    | ths_trader:connect:47 - 连接同花顺客户端失败: Connection failed
2025-09-01 19:38:42.253 | INFO     | ths_trader:get_position:101 - 成功获取账户持仓信息
2025-09-01 19:38:42.262 | INFO     | ths_trader:connect:36 - 准备连接同花顺客户端: test_path
2025-09-01 19:38:42.264 | ERROR    | ths_trader:connect:47 - 连接同花顺客户端失败: Connection failed
2025-09-01 19:38:42.266 | INFO     | ths_trader:sell:154 - 卖出 sh600000 100 股成功
2025-09-01 19:38:42.278 | INFO     | ths_trader:connect:36 - 准备连接同花顺客户端: test_path
2025-09-01 19:38:42.283 | ERROR    | ths_trader:connect:47 - 连接同花顺客户端失败: Connection failed
2025-09-01 19:38:42.287 | INFO     | ths_trader:buy:181 - 买入 sh600000 100 股成功
2025-09-01 19:38:42.299 | INFO     | ths_trader:connect:36 - 准备连接同花顺客户端: test_path
2025-09-01 19:38:42.303 | ERROR    | ths_trader:connect:47 - 连接同花顺客户端失败: Connection failed
2025-09-01 19:38:42.306 | INFO     | ths_trader:cancel_entrust:202 - 撤单 123456 成功
2025-09-01 19:38:42.316 | INFO     | ths_trader:connect:36 - 准备连接同花顺客户端: test_path
2025-09-01 19:38:42.318 | ERROR    | ths_trader:connect:47 - 连接同花顺客户端失败: Connection failed
