2025-08-17 01:53:12.864 | INFO     | ths_trader:connect:36 - 准备连接同花顺客户端: test_path
2025-08-17 01:53:12.869 | INFO     | ths_trader:connect:44 - 同花顺客户端连接成功
2025-08-17 01:53:12.871 | INFO     | ths_trader:connect:32 - 已经连接到同花顺客户端，无需重复连接
2025-08-17 01:53:12.877 | INFO     | ths_trader:connect:36 - 准备连接同花顺客户端: test_path
2025-08-17 01:53:12.885 | ERROR    | ths_trader:connect:47 - 连接同花顺客户端失败: Connection failed
2025-08-17 01:53:12.892 | INFO     | ths_trader:connect:36 - 准备连接同花顺客户端: test_path
2025-08-17 01:53:12.895 | ERROR    | ths_trader:connect:47 - 连接同花顺客户端失败: Connection failed
2025-08-17 01:53:12.898 | INFO     | ths_trader:disconnect:56 - 已断开同花顺客户端连接
2025-08-17 01:53:12.904 | INFO     | ths_trader:connect:36 - 准备连接同花顺客户端: test_path
2025-08-17 01:53:12.906 | ERROR    | ths_trader:connect:47 - 连接同花顺客户端失败: Connection failed
2025-08-17 01:53:12.908 | INFO     | ths_trader:get_balance:88 - 成功获取账户资金信息
2025-08-17 01:53:12.915 | INFO     | ths_trader:connect:36 - 准备连接同花顺客户端: test_path
2025-08-17 01:53:12.917 | ERROR    | ths_trader:connect:47 - 连接同花顺客户端失败: Connection failed
2025-08-17 01:53:17.912 | INFO     | ths_trader:get_balance:88 - 成功获取账户资金信息
2025-08-17 01:53:17.922 | INFO     | ths_trader:connect:36 - 准备连接同花顺客户端: test_path
2025-08-17 01:53:17.924 | ERROR    | ths_trader:connect:47 - 连接同花顺客户端失败: Connection failed
2025-08-17 01:53:17.926 | INFO     | ths_trader:get_position:101 - 成功获取账户持仓信息
2025-08-17 01:53:17.937 | INFO     | ths_trader:connect:36 - 准备连接同花顺客户端: test_path
2025-08-17 01:53:17.944 | ERROR    | ths_trader:connect:47 - 连接同花顺客户端失败: Connection failed
2025-08-17 01:53:17.950 | INFO     | ths_trader:sell:154 - 卖出 sh600000 100 股成功
2025-08-17 01:53:17.963 | INFO     | ths_trader:connect:36 - 准备连接同花顺客户端: test_path
2025-08-17 01:53:17.969 | ERROR    | ths_trader:connect:47 - 连接同花顺客户端失败: Connection failed
2025-08-17 01:53:17.974 | INFO     | ths_trader:buy:181 - 买入 sh600000 100 股成功
2025-08-17 01:53:17.980 | INFO     | ths_trader:connect:36 - 准备连接同花顺客户端: test_path
2025-08-17 01:53:17.984 | ERROR    | ths_trader:connect:47 - 连接同花顺客户端失败: Connection failed
2025-08-17 01:53:17.986 | INFO     | ths_trader:cancel_entrust:202 - 撤单 123456 成功
2025-08-17 01:53:17.994 | INFO     | ths_trader:connect:36 - 准备连接同花顺客户端: test_path
2025-08-17 01:53:17.996 | ERROR    | ths_trader:connect:47 - 连接同花顺客户端失败: Connection failed
