2025-09-01 19:50:39.831 | INFO     | ths_trader:connect:36 - 准备连接同花顺客户端: test_path
2025-09-01 19:50:39.834 | ERROR    | ths_trader:connect:47 - 连接同花顺客户端失败: Connection failed
2025-09-01 19:50:39.836 | INFO     | ths_trader:disconnect:56 - 已断开同花顺客户端连接
2025-09-01 19:50:39.843 | INFO     | ths_trader:connect:36 - 准备连接同花顺客户端: test_path
2025-09-01 19:50:39.845 | ERROR    | ths_trader:connect:47 - 连接同花顺客户端失败: Connection failed
2025-09-01 19:50:39.847 | INFO     | ths_trader:get_balance:88 - 成功获取账户资金信息
2025-09-01 19:50:39.852 | INFO     | ths_trader:connect:36 - 准备连接同花顺客户端: test_path
2025-09-01 19:50:39.854 | ERROR    | ths_trader:connect:47 - 连接同花顺客户端失败: Connection failed
2025-09-01 19:50:44.849 | ERROR    | ths_trader:get_balance:91 - 获取账户资金信息失败: 'NoneType' object has no attribute 'balance'
2025-09-01 19:50:44.869 | INFO     | ths_trader:connect:36 - 准备连接同花顺客户端: test_path
2025-09-01 19:50:44.872 | ERROR    | ths_trader:connect:47 - 连接同花顺客户端失败: Connection failed
2025-09-01 19:50:44.873 | INFO     | ths_trader:get_position:101 - 成功获取账户持仓信息
2025-09-01 19:50:44.878 | INFO     | ths_trader:connect:36 - 准备连接同花顺客户端: test_path
2025-09-01 19:50:44.882 | ERROR    | ths_trader:connect:47 - 连接同花顺客户端失败: Connection failed
2025-09-01 19:50:44.884 | INFO     | ths_trader:sell:154 - 卖出 sh600000 100 股成功
2025-09-01 19:50:44.889 | INFO     | ths_trader:connect:36 - 准备连接同花顺客户端: test_path
2025-09-01 19:50:44.895 | ERROR    | ths_trader:connect:47 - 连接同花顺客户端失败: Connection failed
2025-09-01 19:50:44.897 | INFO     | ths_trader:buy:181 - 买入 sh600000 100 股成功
2025-09-01 19:50:44.912 | INFO     | ths_trader:connect:36 - 准备连接同花顺客户端: test_path
2025-09-01 19:50:44.916 | ERROR    | ths_trader:connect:47 - 连接同花顺客户端失败: Connection failed
2025-09-01 19:50:44.921 | INFO     | ths_trader:cancel_entrust:202 - 撤单 123456 成功
2025-09-01 19:50:44.940 | INFO     | ths_trader:connect:36 - 准备连接同花顺客户端: test_path
2025-09-01 19:50:44.945 | ERROR    | ths_trader:connect:47 - 连接同花顺客户端失败: Connection failed
