2025-08-17 01:35:28.854 | INFO     | ths_trader:connect:36 - 准备连接同花顺客户端: test_path
2025-08-17 01:35:28.856 | INFO     | ths_trader:connect:44 - 同花顺客户端连接成功
2025-08-17 01:35:28.859 | INFO     | ths_trader:connect:32 - 已经连接到同花顺客户端，无需重复连接
2025-08-17 01:35:28.866 | INFO     | ths_trader:connect:36 - 准备连接同花顺客户端: test_path
2025-08-17 01:35:28.875 | ERROR    | ths_trader:connect:47 - 连接同花顺客户端失败: Connection failed
2025-08-17 01:35:28.887 | INFO     | ths_trader:connect:36 - 准备连接同花顺客户端: test_path
2025-08-17 01:35:28.890 | ERROR    | ths_trader:connect:47 - 连接同花顺客户端失败: Connection failed
2025-08-17 01:35:28.892 | INFO     | ths_trader:disconnect:56 - 已断开同花顺客户端连接
2025-08-17 01:35:28.900 | INFO     | ths_trader:connect:36 - 准备连接同花顺客户端: test_path
2025-08-17 01:35:28.914 | ERROR    | ths_trader:connect:47 - 连接同花顺客户端失败: Connection failed
2025-08-17 01:35:28.922 | INFO     | ths_trader:get_balance:88 - 成功获取账户资金信息
2025-08-17 01:35:28.929 | INFO     | ths_trader:connect:36 - 准备连接同花顺客户端: test_path
2025-08-17 01:35:28.934 | ERROR    | ths_trader:connect:47 - 连接同花顺客户端失败: Connection failed
2025-08-17 01:35:33.925 | INFO     | ths_trader:get_balance:88 - 成功获取账户资金信息
2025-08-17 01:35:33.942 | INFO     | ths_trader:connect:36 - 准备连接同花顺客户端: test_path
2025-08-17 01:35:33.949 | ERROR    | ths_trader:connect:47 - 连接同花顺客户端失败: Connection failed
2025-08-17 01:35:33.958 | INFO     | ths_trader:get_position:101 - 成功获取账户持仓信息
2025-08-17 01:35:33.967 | INFO     | ths_trader:connect:36 - 准备连接同花顺客户端: test_path
2025-08-17 01:35:33.970 | ERROR    | ths_trader:connect:47 - 连接同花顺客户端失败: Connection failed
2025-08-17 01:35:33.974 | INFO     | ths_trader:sell:154 - 卖出 sh600000 100 股成功
2025-08-17 01:35:33.982 | INFO     | ths_trader:connect:36 - 准备连接同花顺客户端: test_path
2025-08-17 01:35:33.984 | ERROR    | ths_trader:connect:47 - 连接同花顺客户端失败: Connection failed
2025-08-17 01:35:33.987 | INFO     | ths_trader:buy:181 - 买入 sh600000 100 股成功
2025-08-17 01:35:33.992 | INFO     | ths_trader:connect:36 - 准备连接同花顺客户端: test_path
2025-08-17 01:35:34.000 | ERROR    | ths_trader:connect:47 - 连接同花顺客户端失败: Connection failed
2025-08-17 01:35:34.003 | INFO     | ths_trader:cancel_entrust:202 - 撤单 123456 成功
2025-08-17 01:35:34.013 | INFO     | ths_trader:connect:36 - 准备连接同花顺客户端: test_path
2025-08-17 01:35:34.017 | ERROR    | ths_trader:connect:47 - 连接同花顺客户端失败: Connection failed
