2025-08-17 02:21:25.322 | INFO     | ths_trader:connect:36 - 准备连接同花顺客户端: test_path
2025-08-17 02:21:25.326 | INFO     | ths_trader:connect:44 - 同花顺客户端连接成功
2025-08-17 02:21:25.333 | INFO     | ths_trader:connect:36 - 准备连接同花顺客户端: test_path
2025-08-17 02:21:25.337 | INFO     | ths_trader:connect:44 - 同花顺客户端连接成功
2025-08-17 02:21:25.339 | INFO     | ths_trader:connect:32 - 已经连接到同花顺客户端，无需重复连接
2025-08-17 02:21:25.344 | INFO     | ths_trader:connect:36 - 准备连接同花顺客户端: test_path
2025-08-17 02:21:25.352 | ERROR    | ths_trader:connect:47 - 连接同花顺客户端失败: Connection failed
2025-08-17 02:21:25.357 | INFO     | ths_trader:connect:36 - 准备连接同花顺客户端: test_path
2025-08-17 02:21:25.361 | ERROR    | ths_trader:connect:47 - 连接同花顺客户端失败: Connection failed
2025-08-17 02:21:25.363 | INFO     | ths_trader:disconnect:56 - 已断开同花顺客户端连接
2025-08-17 02:21:25.370 | INFO     | ths_trader:connect:36 - 准备连接同花顺客户端: test_path
2025-08-17 02:21:25.373 | ERROR    | ths_trader:connect:47 - 连接同花顺客户端失败: Connection failed
2025-08-17 02:21:25.375 | INFO     | ths_trader:get_balance:88 - 成功获取账户资金信息
2025-08-17 02:21:25.382 | INFO     | ths_trader:connect:36 - 准备连接同花顺客户端: test_path
2025-08-17 02:21:25.384 | ERROR    | ths_trader:connect:47 - 连接同花顺客户端失败: Connection failed
2025-08-17 02:21:30.377 | INFO     | ths_trader:get_balance:88 - 成功获取账户资金信息
2025-08-17 02:21:30.395 | INFO     | ths_trader:connect:36 - 准备连接同花顺客户端: test_path
2025-08-17 02:21:30.401 | ERROR    | ths_trader:connect:47 - 连接同花顺客户端失败: Connection failed
2025-08-17 02:21:30.406 | INFO     | ths_trader:get_position:101 - 成功获取账户持仓信息
2025-08-17 02:21:30.411 | INFO     | ths_trader:connect:36 - 准备连接同花顺客户端: test_path
2025-08-17 02:21:30.414 | ERROR    | ths_trader:connect:47 - 连接同花顺客户端失败: Connection failed
2025-08-17 02:21:30.418 | INFO     | ths_trader:sell:154 - 卖出 sh600000 100 股成功
2025-08-17 02:21:30.425 | INFO     | ths_trader:connect:36 - 准备连接同花顺客户端: test_path
2025-08-17 02:21:30.426 | ERROR    | ths_trader:connect:47 - 连接同花顺客户端失败: Connection failed
2025-08-17 02:21:30.430 | INFO     | ths_trader:buy:181 - 买入 sh600000 100 股成功
2025-08-17 02:21:30.442 | INFO     | ths_trader:connect:36 - 准备连接同花顺客户端: test_path
2025-08-17 02:21:30.444 | ERROR    | ths_trader:connect:47 - 连接同花顺客户端失败: Connection failed
2025-08-17 02:21:30.446 | INFO     | ths_trader:cancel_entrust:202 - 撤单 123456 成功
2025-08-17 02:21:30.452 | INFO     | ths_trader:connect:36 - 准备连接同花顺客户端: test_path
2025-08-17 02:21:30.455 | ERROR    | ths_trader:connect:47 - 连接同花顺客户端失败: Connection failed
