2025-08-17 01:57:48.897 | INFO     | ths_trader:connect:36 - 准备连接同花顺客户端: test_path
2025-08-17 01:57:48.902 | ERROR    | ths_trader:connect:47 - 连接同花顺客户端失败: Connection failed
2025-08-17 01:57:48.904 | INFO     | ths_trader:disconnect:56 - 已断开同花顺客户端连接
2025-08-17 01:57:48.909 | INFO     | ths_trader:connect:36 - 准备连接同花顺客户端: test_path
2025-08-17 01:57:48.911 | ERROR    | ths_trader:connect:47 - 连接同花顺客户端失败: Connection failed
2025-08-17 01:57:48.913 | INFO     | ths_trader:get_balance:88 - 成功获取账户资金信息
2025-08-17 01:57:48.920 | INFO     | ths_trader:connect:36 - 准备连接同花顺客户端: test_path
2025-08-17 01:57:48.921 | ERROR    | ths_trader:connect:47 - 连接同花顺客户端失败: Connection failed
2025-08-17 01:57:53.917 | INFO     | ths_trader:get_balance:88 - 成功获取账户资金信息
2025-08-17 01:57:53.930 | INFO     | ths_trader:connect:36 - 准备连接同花顺客户端: test_path
2025-08-17 01:57:53.936 | ERROR    | ths_trader:connect:47 - 连接同花顺客户端失败: Connection failed
2025-08-17 01:57:53.941 | INFO     | ths_trader:get_position:101 - 成功获取账户持仓信息
2025-08-17 01:57:53.955 | INFO     | ths_trader:connect:36 - 准备连接同花顺客户端: test_path
2025-08-17 01:57:53.970 | ERROR    | ths_trader:connect:47 - 连接同花顺客户端失败: Connection failed
2025-08-17 01:57:53.980 | INFO     | ths_trader:sell:154 - 卖出 sh600000 100 股成功
2025-08-17 01:57:53.992 | INFO     | ths_trader:connect:36 - 准备连接同花顺客户端: test_path
2025-08-17 01:57:53.996 | ERROR    | ths_trader:connect:47 - 连接同花顺客户端失败: Connection failed
2025-08-17 01:57:54.006 | INFO     | ths_trader:buy:181 - 买入 sh600000 100 股成功
2025-08-17 01:57:54.016 | INFO     | ths_trader:connect:36 - 准备连接同花顺客户端: test_path
2025-08-17 01:57:54.019 | ERROR    | ths_trader:connect:47 - 连接同花顺客户端失败: Connection failed
2025-08-17 01:57:54.023 | INFO     | ths_trader:cancel_entrust:202 - 撤单 123456 成功
2025-08-17 01:57:54.030 | INFO     | ths_trader:connect:36 - 准备连接同花顺客户端: test_path
2025-08-17 01:57:54.033 | ERROR    | ths_trader:connect:47 - 连接同花顺客户端失败: Connection failed
