2025-08-17 01:38:11.651 | INFO     | ths_trader:connect:36 - 准备连接同花顺客户端: test_path
2025-08-17 01:38:11.663 | ERROR    | ths_trader:connect:47 - 连接同花顺客户端失败: Connection failed
2025-08-17 01:38:11.669 | INFO     | ths_trader:disconnect:56 - 已断开同花顺客户端连接
2025-08-17 01:38:11.686 | INFO     | ths_trader:connect:36 - 准备连接同花顺客户端: test_path
2025-08-17 01:38:11.691 | ERROR    | ths_trader:connect:47 - 连接同花顺客户端失败: Connection failed
2025-08-17 01:38:11.698 | INFO     | ths_trader:get_balance:88 - 成功获取账户资金信息
2025-08-17 01:38:11.707 | INFO     | ths_trader:connect:36 - 准备连接同花顺客户端: test_path
2025-08-17 01:38:11.711 | ERROR    | ths_trader:connect:47 - 连接同花顺客户端失败: Connection failed
2025-08-17 01:38:16.701 | INFO     | ths_trader:get_balance:88 - 成功获取账户资金信息
2025-08-17 01:38:16.708 | INFO     | ths_trader:connect:36 - 准备连接同花顺客户端: test_path
2025-08-17 01:38:16.710 | ERROR    | ths_trader:connect:47 - 连接同花顺客户端失败: Connection failed
2025-08-17 01:38:16.715 | INFO     | ths_trader:get_position:101 - 成功获取账户持仓信息
2025-08-17 01:38:16.723 | INFO     | ths_trader:connect:36 - 准备连接同花顺客户端: test_path
2025-08-17 01:38:16.726 | ERROR    | ths_trader:connect:47 - 连接同花顺客户端失败: Connection failed
2025-08-17 01:38:16.728 | INFO     | ths_trader:sell:154 - 卖出 sh600000 100 股成功
2025-08-17 01:38:16.734 | INFO     | ths_trader:connect:36 - 准备连接同花顺客户端: test_path
2025-08-17 01:38:16.736 | ERROR    | ths_trader:connect:47 - 连接同花顺客户端失败: Connection failed
2025-08-17 01:38:16.739 | INFO     | ths_trader:buy:181 - 买入 sh600000 100 股成功
2025-08-17 01:38:16.744 | INFO     | ths_trader:connect:36 - 准备连接同花顺客户端: test_path
2025-08-17 01:38:16.746 | ERROR    | ths_trader:connect:47 - 连接同花顺客户端失败: Connection failed
2025-08-17 01:38:16.748 | INFO     | ths_trader:cancel_entrust:202 - 撤单 123456 成功
2025-08-17 01:38:16.753 | INFO     | ths_trader:connect:36 - 准备连接同花顺客户端: test_path
2025-08-17 01:38:16.755 | ERROR    | ths_trader:connect:47 - 连接同花顺客户端失败: Connection failed
