2025-08-17 02:19:02.055 | INFO     | ths_trader:connect:36 - 准备连接同花顺客户端: test_path
2025-08-17 02:19:02.060 | ERROR    | ths_trader:connect:47 - 连接同花顺客户端失败: Connection failed
2025-08-17 02:19:02.064 | INFO     | ths_trader:get_balance:88 - 成功获取账户资金信息
2025-08-17 02:19:02.069 | INFO     | ths_trader:connect:36 - 准备连接同花顺客户端: test_path
2025-08-17 02:19:02.072 | ERROR    | ths_trader:connect:47 - 连接同花顺客户端失败: Connection failed
2025-08-17 02:19:07.066 | INFO     | ths_trader:get_balance:88 - 成功获取账户资金信息
2025-08-17 02:19:07.075 | INFO     | ths_trader:connect:36 - 准备连接同花顺客户端: test_path
2025-08-17 02:19:07.077 | ERROR    | ths_trader:connect:47 - 连接同花顺客户端失败: Connection failed
2025-08-17 02:19:07.081 | INFO     | ths_trader:get_position:101 - 成功获取账户持仓信息
2025-08-17 02:19:07.088 | INFO     | ths_trader:connect:36 - 准备连接同花顺客户端: test_path
2025-08-17 02:19:07.092 | ERROR    | ths_trader:connect:47 - 连接同花顺客户端失败: Connection failed
2025-08-17 02:19:07.096 | INFO     | ths_trader:sell:154 - 卖出 sh600000 100 股成功
2025-08-17 02:19:07.102 | INFO     | ths_trader:connect:36 - 准备连接同花顺客户端: test_path
2025-08-17 02:19:07.106 | ERROR    | ths_trader:connect:47 - 连接同花顺客户端失败: Connection failed
2025-08-17 02:19:07.108 | INFO     | ths_trader:buy:181 - 买入 sh600000 100 股成功
2025-08-17 02:19:07.115 | INFO     | ths_trader:connect:36 - 准备连接同花顺客户端: test_path
2025-08-17 02:19:07.118 | ERROR    | ths_trader:connect:47 - 连接同花顺客户端失败: Connection failed
2025-08-17 02:19:07.120 | INFO     | ths_trader:cancel_entrust:202 - 撤单 123456 成功
2025-08-17 02:19:07.126 | INFO     | ths_trader:connect:36 - 准备连接同花顺客户端: test_path
2025-08-17 02:19:07.130 | ERROR    | ths_trader:connect:47 - 连接同花顺客户端失败: Connection failed
