2025-08-17 01:33:19.937 | INFO     | ths_trader:connect:36 - 准备连接同花顺客户端: test_path
2025-08-17 01:33:19.942 | ERROR    | ths_trader:connect:47 - 连接同花顺客户端失败: Connection failed
2025-08-17 01:33:19.944 | INFO     | ths_trader:disconnect:56 - 已断开同花顺客户端连接
2025-08-17 01:33:19.950 | INFO     | ths_trader:connect:36 - 准备连接同花顺客户端: test_path
2025-08-17 01:33:19.953 | ERROR    | ths_trader:connect:47 - 连接同花顺客户端失败: Connection failed
2025-08-17 01:33:19.955 | INFO     | ths_trader:get_balance:88 - 成功获取账户资金信息
2025-08-17 01:33:19.961 | INFO     | ths_trader:connect:36 - 准备连接同花顺客户端: test_path
2025-08-17 01:33:19.968 | ERROR    | ths_trader:connect:47 - 连接同花顺客户端失败: Connection failed
2025-08-17 01:33:24.959 | INFO     | ths_trader:get_balance:88 - 成功获取账户资金信息
2025-08-17 01:33:24.973 | INFO     | ths_trader:connect:36 - 准备连接同花顺客户端: test_path
2025-08-17 01:33:24.977 | ERROR    | ths_trader:connect:47 - 连接同花顺客户端失败: Connection failed
2025-08-17 01:33:24.982 | INFO     | ths_trader:get_position:101 - 成功获取账户持仓信息
2025-08-17 01:33:24.997 | INFO     | ths_trader:connect:36 - 准备连接同花顺客户端: test_path
2025-08-17 01:33:25.000 | ERROR    | ths_trader:connect:47 - 连接同花顺客户端失败: Connection failed
2025-08-17 01:33:25.001 | INFO     | ths_trader:sell:154 - 卖出 sh600000 100 股成功
2025-08-17 01:33:25.007 | INFO     | ths_trader:connect:36 - 准备连接同花顺客户端: test_path
2025-08-17 01:33:25.009 | ERROR    | ths_trader:connect:47 - 连接同花顺客户端失败: Connection failed
2025-08-17 01:33:25.011 | INFO     | ths_trader:buy:181 - 买入 sh600000 100 股成功
2025-08-17 01:33:25.021 | INFO     | ths_trader:connect:36 - 准备连接同花顺客户端: test_path
2025-08-17 01:33:25.025 | ERROR    | ths_trader:connect:47 - 连接同花顺客户端失败: Connection failed
2025-08-17 01:33:25.028 | INFO     | ths_trader:cancel_entrust:202 - 撤单 123456 成功
2025-08-17 01:33:25.037 | INFO     | ths_trader:connect:36 - 准备连接同花顺客户端: test_path
2025-08-17 01:33:25.039 | ERROR    | ths_trader:connect:47 - 连接同花顺客户端失败: Connection failed
