2025-08-17 01:07:07.062 | INFO     | ths_trader:connect:36 - 准备连接同花顺客户端: test_path
2025-08-17 01:07:07.067 | INFO     | ths_trader:connect:44 - 同花顺客户端连接成功
2025-08-17 01:07:07.069 | INFO     | ths_trader:connect:32 - 已经连接到同花顺客户端，无需重复连接
2025-08-17 01:07:07.353 | INFO     | ths_trader:connect:36 - 准备连接同花顺客户端: test_path
2025-08-17 01:07:07.354 | INFO     | ths_trader:connect:44 - 同花顺客户端连接成功
2025-08-17 01:07:07.354 | INFO     | ths_trader:disconnect:56 - 已断开同花顺客户端连接
2025-08-17 01:07:07.359 | INFO     | ths_trader:connect:36 - 准备连接同花顺客户端: test_path
2025-08-17 01:07:07.360 | INFO     | ths_trader:connect:44 - 同花顺客户端连接成功
2025-08-17 01:07:07.361 | INFO     | ths_trader:get_balance:88 - 成功获取账户资金信息
2025-08-17 01:07:07.364 | INFO     | ths_trader:connect:36 - 准备连接同花顺客户端: test_path
2025-08-17 01:07:07.365 | INFO     | ths_trader:connect:44 - 同花顺客户端连接成功
2025-08-17 01:07:12.362 | INFO     | ths_trader:get_balance:88 - 成功获取账户资金信息
2025-08-17 01:07:12.382 | INFO     | ths_trader:connect:36 - 准备连接同花顺客户端: test_path
2025-08-17 01:07:12.387 | INFO     | ths_trader:connect:44 - 同花顺客户端连接成功
2025-08-17 01:07:12.392 | INFO     | ths_trader:get_position:101 - 成功获取账户持仓信息
2025-08-17 01:07:12.417 | INFO     | ths_trader:connect:36 - 准备连接同花顺客户端: test_path
2025-08-17 01:07:12.424 | INFO     | ths_trader:connect:44 - 同花顺客户端连接成功
2025-08-17 01:07:12.431 | INFO     | ths_trader:sell:154 - 卖出 sh600000 100 股成功
2025-08-17 01:07:12.450 | INFO     | ths_trader:connect:36 - 准备连接同花顺客户端: test_path
2025-08-17 01:07:12.455 | INFO     | ths_trader:connect:44 - 同花顺客户端连接成功
2025-08-17 01:07:12.459 | INFO     | ths_trader:buy:181 - 买入 sh600000 100 股成功
2025-08-17 01:07:12.483 | INFO     | ths_trader:connect:36 - 准备连接同花顺客户端: test_path
2025-08-17 01:07:12.487 | INFO     | ths_trader:connect:44 - 同花顺客户端连接成功
2025-08-17 01:07:12.490 | INFO     | ths_trader:cancel_entrust:202 - 撤单 123456 成功
2025-08-17 01:07:12.508 | INFO     | ths_trader:connect:36 - 准备连接同花顺客户端: test_path
2025-08-17 01:07:12.512 | INFO     | ths_trader:connect:44 - 同花顺客户端连接成功
