2025-08-17 01:28:57.423 | INFO     | ths_trader:connect:36 - 准备连接同花顺客户端: test_path
2025-08-17 01:28:57.427 | INFO     | ths_trader:connect:44 - 同花顺客户端连接成功
2025-08-17 01:28:57.429 | INFO     | ths_trader:connect:32 - 已经连接到同花顺客户端，无需重复连接
2025-08-17 01:28:57.435 | INFO     | ths_trader:connect:36 - 准备连接同花顺客户端: test_path
2025-08-17 01:28:57.445 | ERROR    | ths_trader:connect:47 - 连接同花顺客户端失败: Connection failed
2025-08-17 01:28:57.451 | INFO     | ths_trader:connect:36 - 准备连接同花顺客户端: test_path
2025-08-17 01:28:57.453 | ERROR    | ths_trader:connect:47 - 连接同花顺客户端失败: Connection failed
2025-08-17 01:28:57.456 | INFO     | ths_trader:disconnect:56 - 已断开同花顺客户端连接
2025-08-17 01:28:57.462 | INFO     | ths_trader:connect:36 - 准备连接同花顺客户端: test_path
2025-08-17 01:28:57.466 | ERROR    | ths_trader:connect:47 - 连接同花顺客户端失败: Connection failed
2025-08-17 01:28:57.468 | INFO     | ths_trader:get_balance:88 - 成功获取账户资金信息
2025-08-17 01:28:57.474 | INFO     | ths_trader:connect:36 - 准备连接同花顺客户端: test_path
2025-08-17 01:28:57.478 | ERROR    | ths_trader:connect:47 - 连接同花顺客户端失败: Connection failed
2025-08-17 01:29:02.470 | INFO     | ths_trader:get_balance:88 - 成功获取账户资金信息
2025-08-17 01:29:02.477 | INFO     | ths_trader:connect:36 - 准备连接同花顺客户端: test_path
2025-08-17 01:29:02.481 | ERROR    | ths_trader:connect:47 - 连接同花顺客户端失败: Connection failed
2025-08-17 01:29:02.483 | INFO     | ths_trader:get_position:101 - 成功获取账户持仓信息
2025-08-17 01:29:02.490 | INFO     | ths_trader:connect:36 - 准备连接同花顺客户端: test_path
2025-08-17 01:29:02.495 | ERROR    | ths_trader:connect:47 - 连接同花顺客户端失败: Connection failed
2025-08-17 01:29:02.497 | INFO     | ths_trader:sell:154 - 卖出 sh600000 100 股成功
2025-08-17 01:29:02.503 | INFO     | ths_trader:connect:36 - 准备连接同花顺客户端: test_path
2025-08-17 01:29:02.506 | ERROR    | ths_trader:connect:47 - 连接同花顺客户端失败: Connection failed
2025-08-17 01:29:02.507 | INFO     | ths_trader:buy:181 - 买入 sh600000 100 股成功
2025-08-17 01:29:02.512 | INFO     | ths_trader:connect:36 - 准备连接同花顺客户端: test_path
2025-08-17 01:29:02.515 | ERROR    | ths_trader:connect:47 - 连接同花顺客户端失败: Connection failed
2025-08-17 01:29:02.517 | INFO     | ths_trader:cancel_entrust:202 - 撤单 123456 成功
2025-08-17 01:29:02.523 | INFO     | ths_trader:connect:36 - 准备连接同花顺客户端: test_path
2025-08-17 01:29:02.526 | ERROR    | ths_trader:connect:47 - 连接同花顺客户端失败: Connection failed
