2025-08-17 02:29:30.456 | INFO     | ths_trader:connect:36 - 准备连接同花顺客户端: test_path
2025-08-17 02:29:30.466 | ERROR    | ths_trader:connect:47 - 连接同花顺客户端失败: Connection failed
2025-08-17 02:29:30.479 | INFO     | ths_trader:disconnect:56 - 已断开同花顺客户端连接
2025-08-17 02:29:30.501 | INFO     | ths_trader:connect:36 - 准备连接同花顺客户端: test_path
2025-08-17 02:29:30.508 | ERROR    | ths_trader:connect:47 - 连接同花顺客户端失败: Connection failed
2025-08-17 02:29:30.514 | INFO     | ths_trader:get_balance:88 - 成功获取账户资金信息
2025-08-17 02:29:30.523 | INFO     | ths_trader:connect:36 - 准备连接同花顺客户端: test_path
2025-08-17 02:29:30.528 | ERROR    | ths_trader:connect:47 - 连接同花顺客户端失败: Connection failed
2025-08-17 02:29:35.519 | INFO     | ths_trader:get_balance:88 - 成功获取账户资金信息
2025-08-17 02:29:35.525 | INFO     | ths_trader:connect:36 - 准备连接同花顺客户端: test_path
2025-08-17 02:29:35.528 | ERROR    | ths_trader:connect:47 - 连接同花顺客户端失败: Connection failed
2025-08-17 02:29:35.535 | INFO     | ths_trader:get_position:101 - 成功获取账户持仓信息
2025-08-17 02:29:35.553 | INFO     | ths_trader:connect:36 - 准备连接同花顺客户端: test_path
2025-08-17 02:29:35.565 | ERROR    | ths_trader:connect:47 - 连接同花顺客户端失败: Connection failed
2025-08-17 02:29:35.575 | INFO     | ths_trader:sell:154 - 卖出 sh600000 100 股成功
2025-08-17 02:29:35.598 | INFO     | ths_trader:connect:36 - 准备连接同花顺客户端: test_path
2025-08-17 02:29:35.607 | ERROR    | ths_trader:connect:47 - 连接同花顺客户端失败: Connection failed
2025-08-17 02:29:35.616 | INFO     | ths_trader:buy:181 - 买入 sh600000 100 股成功
2025-08-17 02:29:35.633 | INFO     | ths_trader:connect:36 - 准备连接同花顺客户端: test_path
2025-08-17 02:29:35.640 | ERROR    | ths_trader:connect:47 - 连接同花顺客户端失败: Connection failed
2025-08-17 02:29:35.649 | INFO     | ths_trader:cancel_entrust:202 - 撤单 123456 成功
2025-08-17 02:29:35.662 | INFO     | ths_trader:connect:36 - 准备连接同花顺客户端: test_path
2025-08-17 02:29:35.668 | ERROR    | ths_trader:connect:47 - 连接同花顺客户端失败: Connection failed
